
                            < M A T L A B (R) >
                  Copyright 1984-2016 The MathWorks, Inc.
                   R2016b (9.1.0.441655) 64-bit (glnxa64)
                             September 7, 2016

 
To get started, type one of these: helpwin, helpdesk, or demo.
For product information, visit www.mathworks.com.
 
>> >> >> >> >> >> >> >> >> >> >> >> >> >> >> >> Starting parallel pool (parpool) using the 'local' profile ... [Warning: The system time zone setting, 'US/Central', does not specify a single
time zone unambiguously. It will be treated as 'America/Chicago'. See the <a
href="matlab:doc('datetime.TimeZone')">datetime.TimeZone property</a> for
details about specifying time zones.] 
[> In verifyTimeZone (line 23)
  In datetime (line 503)
  In parallel.internal.cluster.FileSerializer>iLoadDate (line 345)
  In parallel.internal.cluster.FileSerializer/getFields (line 100)
  In parallel.internal.cluster.CJSSupport/getProperties (line 252)
  In parallel.internal.cluster.CJSSupport/getJobProperties (line 463)
  In parallel.internal.cluster.CJSJobMixin/hGetProperty (line 70)
  In parallel.internal.cluster.CJSJobMixin/hSetTerminalStateFromCluster (line 98)
  In parallel.cluster.CJSCluster/hGetJobState (line 361)
  In parallel.internal.cluster.CJSJobMixin/getStateEnum (line 136)
  In parallel.Job/get.StateEnum (line 214)
  In parallel.Job/get.State (line 206)
  In parallel.internal.customattr.CustomGetSet>iVectorisedGetHelper (line 107)
  In parallel.internal.customattr.CustomGetSet>@(a,b,c)iVectorisedGetHelper(obj,a,b,c) (line 89)
  In parallel.internal.customattr.CustomGetSet/doVectorisedGet (line 90)
  In parallel.internal.customattr.CustomGetSet/hVectorisedGet (line 64)
  In parallel.internal.customattr.GetSetImpl>iAccessProperties (line 289)
  In parallel.internal.customattr.GetSetImpl>iGetAllProperties (line 250)
  In parallel.internal.customattr.GetSetImpl.getImpl (line 124)
  In parallel.internal.customattr.CustomGetSet/get (line 30)
  In parallel.internal.pool.InteractiveClient/pRemoveOldJobs (line 464)
  In parallel.internal.pool.InteractiveClient/start (line 311)
  In parallel.Pool>iStartClient (line 567)
  In parallel.Pool.hBuildPool (line 446)
  In parallel.internal.pool.doParpool (line 15)
  In parpool (line 89)
  In parallel.internal.pool.PoolArrayManager.getOrAutoCreateWithCleanup (line 49)
  In pctTryCreatePoolIfNecessary (line 23)
  In distcomp.remoteparfor.tryRemoteParfor
  In parallel_function (line 433)] 
connected to 12 workers.
>> Elapsed time is 1984.843873 seconds.
>> >> >> 